<?xml version="1.0" encoding="UTF-8"?>
<testsuite name="ru.stqa.pft.rest.tests.RestTests" tests="1" skipped="0" failures="0" errors="0" timestamp="2022-12-19T14:56:11" hostname="MSK-NAZAR-PC" time="97.435">
  <properties/>
  <testcase name="testCreationIssue" classname="ru.stqa.pft.rest.tests.RestTests" time="97.435"/>
  <system-out><![CDATA[]]></system-out>
  <system-err><![CDATA[]]></system-err>
</testsuite>
